生成启动时间为 2016/3/5 12:39:48。
     1>项目“G:\CodeTemp\RayTracer\RayTracer\RayTracer.vcxproj”在节点 2 上(Build 个目标)。
     1>ClCompile:
         G:\Visual Studio 12.0\VC\bin\CL.exe /c /ZI /nologo /W3 /WX- /Od /Oy- /D WIN32 /D _WINDOWS /D _DEBUG /D _MBCS /D _AFXDLL /Gm /EHsc /RTC1 /MDd /GS /fp:precise /Zc:wchar_t /Zc:forScope /Yu"stdafx.h" /Fp"Debug\RayTracer.pch" /Fo"Debug\\" /Fd"Debug\vc120.pdb" /Gd /TP /analyze- /errorReport:prompt RayTracerView.cpp
         RayTracerView.cpp
       Link:
         G:\Visual Studio 12.0\VC\bin\link.exe /ERRORREPORT:PROMPT /OUT:"G:\CodeTemp\RayTracer\Debug\RayTracer.exe" /INCREMENTAL /NOLOGO /MANIFEST /MANIFESTUAC:"level='asInvoker' uiAccess='false'" /manifest:embed /manifestinput:"G:\Visual Studio 12.0\VC\Include\Manifest\dpiaware.manifest" /DEBUG /PDB:"G:\CodeTemp\RayTracer\Debug\RayTracer.pdb" /SUBSYSTEM:WINDOWS /TLBID:1 /DYNAMICBASE /NXCOMPAT /IMPLIB:"G:\CodeTemp\RayTracer\Debug\RayTracer.lib" /MACHINE:X86 Debug\RayTracer.res
         Debug\Camera.obj
         Debug\ClassView.obj
         Debug\FileView.obj
         Debug\IntersectResult.obj
         Debug\MainFrm.obj
         Debug\OutputWnd.obj
         Debug\PropertiesWnd.obj
         Debug\Ray3.obj
         Debug\RayTracer.obj
         Debug\RayTracerDoc.obj
         Debug\RayTracerView.obj
         Debug\Sphere.obj
         Debug\stdafx.obj
         Debug\Vector3.obj
         Debug\ViewTree.obj
         RayTracer.vcxproj -> G:\CodeTemp\RayTracer\Debug\RayTracer.exe
     1>已完成生成项目“G:\CodeTemp\RayTracer\RayTracer\RayTracer.vcxproj”(Build 个目标)的操作。

生成成功。

已用时间 00:00:00.48
